*** Starting uWSGI 1.9.4 (64bit) on [Thu Apr  4 14:39:39 2013] ***
compiled with version: 4.2.1 Compatible Apple Clang 4.1 ((tags/Apple/clang-421.11.66)) on 31 March 2013 21:33:50
os: Darwin-12.2.1 Darwin Kernel Version 12.2.1: Thu Oct 18 16:32:48 PDT 2012; root:xnu-2050.20.9~2/RELEASE_X86_64
nodename: MacBook-Air.local
machine: x86_64
clock source: unix
pcre jit disabled
detected number of CPU cores: 4
current working directory: /Users/houqunlei/dev/web/WaterfallPics
detected binary path: /usr/local/bin/uwsgi
*** WARNING: you are running uWSGI without its master process manager ***
your processes number limit is 709
your memory page size is 4096 bytes
detected max file descriptor number: 256
lock engine: OSX spinlocks
probably another instance of uWSGI is running on the same address (127.0.0.1:3032).
bind(): Address already in use [core/socket.c line 675]
*** Starting uWSGI 1.9.4 (64bit) on [Thu Apr  4 14:39:58 2013] ***
compiled with version: 4.2.1 Compatible Apple Clang 4.1 ((tags/Apple/clang-421.11.66)) on 31 March 2013 21:33:50
os: Darwin-12.2.1 Darwin Kernel Version 12.2.1: Thu Oct 18 16:32:48 PDT 2012; root:xnu-2050.20.9~2/RELEASE_X86_64
nodename: MacBook-Air.local
machine: x86_64
clock source: unix
pcre jit disabled
detected number of CPU cores: 4
current working directory: /Users/houqunlei/dev/web/WaterfallPics
detected binary path: /usr/local/bin/uwsgi
*** WARNING: you are running uWSGI without its master process manager ***
your processes number limit is 709
your memory page size is 4096 bytes
detected max file descriptor number: 256
lock engine: OSX spinlocks
probably another instance of uWSGI is running on the same address (127.0.0.1:3032).
bind(): Address already in use [core/socket.c line 675]
*** Starting uWSGI 1.9.4 (64bit) on [Thu Apr  4 14:41:50 2013] ***
compiled with version: 4.2.1 Compatible Apple Clang 4.1 ((tags/Apple/clang-421.11.66)) on 31 March 2013 21:33:50
os: Darwin-12.2.1 Darwin Kernel Version 12.2.1: Thu Oct 18 16:32:48 PDT 2012; root:xnu-2050.20.9~2/RELEASE_X86_64
nodename: MacBook-Air.local
machine: x86_64
clock source: unix
pcre jit disabled
detected number of CPU cores: 4
current working directory: /Users/houqunlei/dev/web/WaterfallPics
detected binary path: /usr/local/bin/uwsgi
*** WARNING: you are running uWSGI without its master process manager ***
your processes number limit is 709
your memory page size is 4096 bytes
detected max file descriptor number: 256
lock engine: OSX spinlocks
probably another instance of uWSGI is running on the same address (127.0.0.1:3032).
bind(): Address already in use [core/socket.c line 675]
*** Starting uWSGI 1.9.4 (64bit) on [Thu Apr  4 14:42:29 2013] ***
compiled with version: 4.2.1 Compatible Apple Clang 4.1 ((tags/Apple/clang-421.11.66)) on 31 March 2013 21:33:50
os: Darwin-12.2.1 Darwin Kernel Version 12.2.1: Thu Oct 18 16:32:48 PDT 2012; root:xnu-2050.20.9~2/RELEASE_X86_64
nodename: MacBook-Air.local
machine: x86_64
clock source: unix
pcre jit disabled
detected number of CPU cores: 4
current working directory: /Users/houqunlei/dev/web/WaterfallPics
detected binary path: /usr/local/bin/uwsgi
*** WARNING: you are running uWSGI without its master process manager ***
your processes number limit is 709
your memory page size is 4096 bytes
detected max file descriptor number: 256
lock engine: OSX spinlocks
uwsgi socket 0 bound to TCP address 127.0.0.1:3032 fd 3
Python version: 2.7.2 (default, Jun 20 2012, 16:23:33)  [GCC 4.2.1 Compatible Apple Clang 4.0 (tags/Apple/clang-418.0.60)]
*** Python threads support is disabled. You can enable it with --enable-threads ***
Python main interpreter initialized at 0x7f93a8c09b40
your server socket listen backlog is limited to 100 connections
your mercy for graceful operations on workers is 60 seconds
mapped 290656 bytes (283 KB) for 4 cores
*** Operational MODE: preforking ***
added /Library/Python/2.7/site-packages/ to pythonpath.
added /System/Library/Frameworks/Python.framework/Versions/2.7/lib/python2.7/ to pythonpath.
WSGI app 0 (mountpoint='') ready in 0 seconds on interpreter 0x7f93a8c09b40 pid: 2335 (default app)
spawned uWSGI worker 1 (pid: 2335, cores: 1)
spawned uWSGI worker 2 (pid: 2336, cores: 1)
spawned uWSGI worker 3 (pid: 2337, cores: 1)
spawned uWSGI worker 4 (pid: 2338, cores: 1)
Traceback (most recent call last):
  File "./lib/bottle.py", line 774, in _handle
    return route.call(**args)
  File "./lib/bottle.py", line 1541, in wrapper
    rv = callback(*a, **ka)
  File "./controller.py", line 17, in index
    for entry in results:
  File "/Library/Python/2.7/site-packages/peewee.py", line 1373, in __iter__
    return iter(self.execute())
  File "/Library/Python/2.7/site-packages/peewee.py", line 1366, in execute
    self._qr = QueryResultWrapper(self.model_class, self._execute(), query_meta)
  File "/Library/Python/2.7/site-packages/peewee.py", line 1171, in _execute
    return self.database.execute_sql(sql, params, self.require_commit)
  File "/Library/Python/2.7/site-packages/peewee.py", line 1530, in execute_sql
    cursor = self.get_cursor()
  File "/Library/Python/2.7/site-packages/peewee.py", line 1501, in get_cursor
    return self.get_conn().cursor()
  File "/Library/Python/2.7/site-packages/peewee.py", line 1494, in get_conn
    self.connect()
  File "/Library/Python/2.7/site-packages/peewee.py", line 1482, in connect
    self.__local.conn = self._connect(self.database, **self.connect_kwargs)
ImproperlyConfigured: MySQLdb must be installed on the system
[pid: 2338|app: 0|req: 1/1] 127.0.0.1 () {40 vars in 655 bytes} [Thu Apr  4 14:43:06 2013] GET / => generated 2243 bytes in 11 msecs (HTTP/1.1 500) 2 headers in 100 bytes (1 switches on core 0)
*** Starting uWSGI 1.9.4 (64bit) on [Thu Apr  4 14:45:35 2013] ***
compiled with version: 4.2.1 Compatible Apple Clang 4.1 ((tags/Apple/clang-421.11.66)) on 31 March 2013 21:33:50
os: Darwin-12.2.1 Darwin Kernel Version 12.2.1: Thu Oct 18 16:32:48 PDT 2012; root:xnu-2050.20.9~2/RELEASE_X86_64
nodename: MacBook-Air.local
machine: x86_64
clock source: unix
pcre jit disabled
detected number of CPU cores: 4
current working directory: /Users/houqunlei/dev/web/WaterfallPics
detected binary path: /usr/local/bin/uwsgi
*** WARNING: you are running uWSGI without its master process manager ***
your processes number limit is 709
your memory page size is 4096 bytes
detected max file descriptor number: 256
lock engine: OSX spinlocks
uwsgi socket 0 bound to TCP address 127.0.0.1:3032 fd 3
Python version: 2.7.2 (default, Jun 20 2012, 16:23:33)  [GCC 4.2.1 Compatible Apple Clang 4.0 (tags/Apple/clang-418.0.60)]
*** Python threads support is disabled. You can enable it with --enable-threads ***
Python main interpreter initialized at 0x7fb0e2c09b40
your server socket listen backlog is limited to 100 connections
your mercy for graceful operations on workers is 60 seconds
mapped 290656 bytes (283 KB) for 4 cores
*** Operational MODE: preforking ***
added /Library/Python/2.7/site-packages/ to pythonpath.
added /System/Library/Frameworks/Python.framework/Versions/2.7/lib/python2.7/ to pythonpath.
WSGI app 0 (mountpoint='') ready in 0 seconds on interpreter 0x7fb0e2c09b40 pid: 2359 (default app)
spawned uWSGI worker 1 (pid: 2359, cores: 1)
spawned uWSGI worker 2 (pid: 2360, cores: 1)
spawned uWSGI worker 3 (pid: 2361, cores: 1)
spawned uWSGI worker 4 (pid: 2362, cores: 1)
Traceback (most recent call last):
  File "./lib/bottle.py", line 774, in _handle
    return route.call(**args)
  File "./lib/bottle.py", line 1541, in wrapper
    rv = callback(*a, **ka)
  File "./controller.py", line 17, in index
    for entry in results:
  File "/Library/Python/2.7/site-packages/peewee.py", line 1373, in __iter__
    return iter(self.execute())
  File "/Library/Python/2.7/site-packages/peewee.py", line 1366, in execute
    self._qr = QueryResultWrapper(self.model_class, self._execute(), query_meta)
  File "/Library/Python/2.7/site-packages/peewee.py", line 1171, in _execute
    return self.database.execute_sql(sql, params, self.require_commit)
  File "/Library/Python/2.7/site-packages/peewee.py", line 1530, in execute_sql
    cursor = self.get_cursor()
  File "/Library/Python/2.7/site-packages/peewee.py", line 1501, in get_cursor
    return self.get_conn().cursor()
  File "/Library/Python/2.7/site-packages/peewee.py", line 1494, in get_conn
    self.connect()
  File "/Library/Python/2.7/site-packages/peewee.py", line 1482, in connect
    self.__local.conn = self._connect(self.database, **self.connect_kwargs)
ImproperlyConfigured: MySQLdb must be installed on the system
[pid: 2362|app: 0|req: 1/1] 127.0.0.1 () {40 vars in 655 bytes} [Thu Apr  4 14:45:45 2013] GET / => generated 2243 bytes in 11 msecs (HTTP/1.1 500) 2 headers in 100 bytes (1 switches on core 0)
Traceback (most recent call last):
  File "./lib/bottle.py", line 774, in _handle
    return route.call(**args)
  File "./lib/bottle.py", line 1541, in wrapper
    rv = callback(*a, **ka)
  File "./controller.py", line 17, in index
    for entry in results:
  File "/Library/Python/2.7/site-packages/peewee.py", line 1373, in __iter__
    return iter(self.execute())
  File "/Library/Python/2.7/site-packages/peewee.py", line 1366, in execute
    self._qr = QueryResultWrapper(self.model_class, self._execute(), query_meta)
  File "/Library/Python/2.7/site-packages/peewee.py", line 1171, in _execute
    return self.database.execute_sql(sql, params, self.require_commit)
  File "/Library/Python/2.7/site-packages/peewee.py", line 1530, in execute_sql
    cursor = self.get_cursor()
  File "/Library/Python/2.7/site-packages/peewee.py", line 1501, in get_cursor
    return self.get_conn().cursor()
  File "/Library/Python/2.7/site-packages/peewee.py", line 1494, in get_conn
    self.connect()
  File "/Library/Python/2.7/site-packages/peewee.py", line 1482, in connect
    self.__local.conn = self._connect(self.database, **self.connect_kwargs)
ImproperlyConfigured: MySQLdb must be installed on the system
[pid: 2362|app: 0|req: 2/2] 127.0.0.1 () {40 vars in 655 bytes} [Thu Apr  4 14:45:45 2013] GET / => generated 2243 bytes in 2 msecs (HTTP/1.1 500) 2 headers in 100 bytes (1 switches on core 0)
*** Starting uWSGI 1.9.4 (64bit) on [Thu Apr  4 14:47:55 2013] ***
compiled with version: 4.2.1 Compatible Apple Clang 4.1 ((tags/Apple/clang-421.11.66)) on 31 March 2013 21:33:50
os: Darwin-12.2.1 Darwin Kernel Version 12.2.1: Thu Oct 18 16:32:48 PDT 2012; root:xnu-2050.20.9~2/RELEASE_X86_64
nodename: MacBook-Air.local
machine: x86_64
clock source: unix
pcre jit disabled
detected number of CPU cores: 4
current working directory: /Users/houqunlei/dev/web/WaterfallPics
detected binary path: /usr/local/bin/uwsgi
*** WARNING: you are running uWSGI without its master process manager ***
your processes number limit is 709
your memory page size is 4096 bytes
detected max file descriptor number: 256
lock engine: OSX spinlocks
uwsgi socket 0 bound to TCP address 127.0.0.1:3032 fd 3
Python version: 2.7.2 (default, Jun 20 2012, 16:23:33)  [GCC 4.2.1 Compatible Apple Clang 4.0 (tags/Apple/clang-418.0.60)]
*** Python threads support is disabled. You can enable it with --enable-threads ***
Python main interpreter initialized at 0x7fc972c09c60
your server socket listen backlog is limited to 100 connections
your mercy for graceful operations on workers is 60 seconds
mapped 290656 bytes (283 KB) for 4 cores
*** Operational MODE: preforking ***
added /Library/Python/2.7/site-packages/ to pythonpath.
added /System/Library/Frameworks/Python.framework/Versions/2.7/lib/python2.7/ to pythonpath.
added /Library/Python/2.7/site-packages/MySQL_python-1.2.4b4-py2.7-macosx-10.8-intel.egg/ to pythonpath.
WSGI app 0 (mountpoint='') ready in 0 seconds on interpreter 0x7fc972c09c60 pid: 2380 (default app)
spawned uWSGI worker 1 (pid: 2380, cores: 1)
spawned uWSGI worker 2 (pid: 2381, cores: 1)
spawned uWSGI worker 3 (pid: 2382, cores: 1)
spawned uWSGI worker 4 (pid: 2383, cores: 1)
[pid: 2383|app: 0|req: 1/1] 127.0.0.1 () {40 vars in 655 bytes} [Thu Apr  4 14:47:59 2013] GET / => generated 6559 bytes in 69 msecs (HTTP/1.1 200) 2 headers in 81 bytes (1 switches on core 0)
[pid: 2383|app: 0|req: 2/3] 127.0.0.1 () {40 vars in 669 bytes} [Thu Apr  4 14:47:59 2013] GET /static/style/style.min.css => generated 19583 bytes in 21 msecs via sendfile() (HTTP/1.1 200) 4 headers in 134 bytes (1 switches on core 0)
[pid: 2382|app: 0|req: 1/3] 127.0.0.1 () {40 vars in 654 bytes} [Thu Apr  4 14:47:59 2013] GET /static/js/modernizr.min.js => generated 14740 bytes in 19 msecs via sendfile() (HTTP/1.1 200) 4 headers in 148 bytes (0 switches on core 0)
[pid: 2383|app: 0|req: 3/4] 127.0.0.1 () {40 vars in 678 bytes} [Thu Apr  4 14:47:59 2013] GET /static/js/jquery.infinitescroll.min.js => generated 10997 bytes in 1 msecs via sendfile() (HTTP/1.1 200) 4 headers in 148 bytes (0 switches on core 0)
[pid: 2381|app: 0|req: 1/5] 127.0.0.1 () {40 vars in 664 bytes} [Thu Apr  4 14:47:59 2013] GET /static/js/jquery.masonry.min.js => generated 5494 bytes in 20 msecs via sendfile() (HTTP/1.1 200) 4 headers in 147 bytes (0 switches on core 0)
[pid: 2380|app: 0|req: 1/6] 127.0.0.1 () {40 vars in 648 bytes} [Thu Apr  4 14:47:59 2013] GET /static/js/jquery.min.js => generated 94840 bytes in 21 msecs via sendfile() (HTTP/1.1 200) 4 headers in 148 bytes (1 switches on core 0)
[pid: 2383|app: 0|req: 4/7] 127.0.0.1 () {40 vars in 692 bytes} [Thu Apr  4 14:47:59 2013] GET /static/img/bg.gif => generated 4564 bytes in 0 msecs via sendfile() (HTTP/1.1 200) 4 headers in 134 bytes (0 switches on core 0)
[pid: 2383|app: 0|req: 5/8] 127.0.0.1 () {40 vars in 684 bytes} [Thu Apr  4 14:48:00 2013] GET /static/img/ajax-loader.gif => generated 2545 bytes in 0 msecs via sendfile() (HTTP/1.1 200) 4 headers in 134 bytes (0 switches on core 0)
[pid: 2383|app: 0|req: 6/9] 127.0.0.1 () {42 vars in 672 bytes} [Thu Apr  4 14:48:02 2013] GET /page/2 => generated 6626 bytes in 15 msecs (HTTP/1.1 200) 2 headers in 81 bytes (2 switches on core 0)
[pid: 2383|app: 0|req: 7/10] 127.0.0.1 () {42 vars in 672 bytes} [Thu Apr  4 14:48:02 2013] GET /page/3 => generated 6626 bytes in 15 msecs (HTTP/1.1 200) 2 headers in 81 bytes (2 switches on core 0)
[pid: 2383|app: 0|req: 8/11] 127.0.0.1 () {42 vars in 672 bytes} [Thu Apr  4 14:48:03 2013] GET /page/4 => generated 6626 bytes in 15 msecs (HTTP/1.1 200) 2 headers in 81 bytes (2 switches on core 0)
[pid: 2383|app: 0|req: 9/12] 127.0.0.1 () {42 vars in 672 bytes} [Thu Apr  4 14:48:04 2013] GET /page/5 => generated 6626 bytes in 22 msecs (HTTP/1.1 200) 2 headers in 81 bytes (2 switches on core 0)
[pid: 2383|app: 0|req: 10/13] 127.0.0.1 () {42 vars in 672 bytes} [Thu Apr  4 14:48:05 2013] GET /page/6 => generated 6626 bytes in 16 msecs (HTTP/1.1 200) 2 headers in 81 bytes (2 switches on core 0)
[pid: 2382|app: 0|req: 2/14] 127.0.0.1 () {40 vars in 655 bytes} [Thu Apr  4 14:56:28 2013] GET / => generated 6559 bytes in 52 msecs (HTTP/1.1 200) 2 headers in 81 bytes (2 switches on core 0)
[pid: 2383|app: 0|req: 11/15] 127.0.0.1 () {44 vars in 755 bytes} [Thu Apr  4 14:56:28 2013] GET /static/style/style.min.css => generated 0 bytes in 1 msecs (HTTP/1.1 304) 1 headers in 66 bytes (1 switches on core 0)
[pid: 2383|app: 0|req: 12/17] 127.0.0.1 () {44 vars in 750 bytes} [Thu Apr  4 14:56:28 2013] GET /static/js/jquery.masonry.min.js => generated 0 bytes in 0 msecs (HTTP/1.1 304) 1 headers in 66 bytes (0 switches on core 0)
[pid: 2382|app: 0|req: 3/17] 127.0.0.1 () {44 vars in 740 bytes} [Thu Apr  4 14:56:28 2013] GET /static/js/modernizr.min.js => generated 0 bytes in 1 msecs (HTTP/1.1 304) 1 headers in 66 bytes (1 switches on core 0)
[pid: 2380|app: 0|req: 2/18] 127.0.0.1 () {44 vars in 764 bytes} [Thu Apr  4 14:56:28 2013] GET /static/js/jquery.infinitescroll.min.js => generated 0 bytes in 0 msecs (HTTP/1.1 304) 1 headers in 66 bytes (0 switches on core 0)
[pid: 2381|app: 0|req: 2/19] 127.0.0.1 () {44 vars in 734 bytes} [Thu Apr  4 14:56:28 2013] GET /static/js/jquery.min.js => generated 0 bytes in 2 msecs (HTTP/1.1 304) 1 headers in 66 bytes (1 switches on core 0)
[pid: 2383|app: 0|req: 13/20] 127.0.0.1 () {44 vars in 778 bytes} [Thu Apr  4 14:56:28 2013] GET /static/img/bg.gif => generated 0 bytes in 0 msecs (HTTP/1.1 304) 1 headers in 66 bytes (1 switches on core 0)
[pid: 2383|app: 0|req: 14/21] 127.0.0.1 () {44 vars in 770 bytes} [Thu Apr  4 14:56:28 2013] GET /static/img/ajax-loader.gif => generated 0 bytes in 0 msecs (HTTP/1.1 304) 1 headers in 66 bytes (0 switches on core 0)
[pid: 2383|app: 0|req: 15/22] 127.0.0.1 () {42 vars in 672 bytes} [Thu Apr  4 14:56:30 2013] GET /page/2 => generated 6626 bytes in 16 msecs (HTTP/1.1 200) 2 headers in 81 bytes (2 switches on core 0)
[pid: 2383|app: 0|req: 16/23] 127.0.0.1 () {42 vars in 672 bytes} [Thu Apr  4 14:56:30 2013] GET /page/3 => generated 6626 bytes in 15 msecs (HTTP/1.1 200) 2 headers in 81 bytes (2 switches on core 0)
